<?xml version="1.0" encoding="UTF-8"?>
<testng-results skipped="0" failed="0" total="1" passed="1">
  <reporter-output>
  </reporter-output>
  <suite name="Default suite" duration-ms="5481" started-at="2019-10-01T06:02:43Z" finished-at="2019-10-01T06:02:49Z">
    <groups>
    </groups>
    <test name="Default test" duration-ms="5481" started-at="2019-10-01T06:02:43Z" finished-at="2019-10-01T06:02:49Z">
      <class name="rest.assured.practice.Basics">
        <test-method status="PASS" signature="testGetValaidation()[pri:0, instance:rest.assured.practice.Basics@3701eaf6]" name="testGetValaidation" duration-ms="5449" started-at="2019-10-01T11:32:43Z" finished-at="2019-10-01T11:32:49Z">
          <reporter-output>
          </reporter-output>
        </test-method> <!-- testGetValaidation -->
      </class> <!-- rest.assured.practice.Basics -->
    </test> <!-- Default test -->
  </suite> <!-- Default suite -->
</testng-results>
